[lynkcolongbien.com/index.html]
[backblue.gif]
[fade.gif]
[index.html]
[drive.gianhangvn.com/file/favicon-2816995j33900.png]
[drive.gianhangvn.com/image/lynkco-longbien-2817018j33900.jpg]
[cloud.gianhangvn.com/css/library.mine5a5.css]
[cloud.gianhangvn.com/css/common.mine5a5.css]
[cloud.gianhangvn.com/templates/0022/skin03/css/style.css]
[drive.gianhangvn.com/image/logo-white-2817005j33900.jpg]
[lynkcolongbien.com/san-pham.html]
[lynkcolongbien.com/lynk-co-06-1487816.html]
[drive.gianhangvn.com/image/lynk-co-06-2817012j33900.jpg]
[lynkcolongbien.com/lynk-co-01-1487817.html]
[drive.gianhangvn.com/image/lynk-co-01-2817009j33900.jpg]
[lynkcolongbien.com/lynk-co-03-1487818.html]
[drive.gianhangvn.com/image/lynk-co-03-2817010j33900.jpg]
[lynkcolongbien.com/lynk-co-05-1487819.html]
[drive.gianhangvn.com/image/lynk-co-05-2817011j33900.jpg]
[lynkcolongbien.com/lynk-co-09-1487820.html]
[drive.gianhangvn.com/image/lynk-co-09-2817013j33900.jpg]
[lynkcolongbien.com/bang-gia-xe-522803n.html]
[lynkcolongbien.com/mua-xe-tra-gop-522806n.html]
[lynkcolongbien.com/tin-tuc-uu-dai-522807t.html]
[lynkcolongbien.com/lien-he.html]
[cdn.gianhangvn.com/image/lynkco-06-olyqyhf.png]
[cdn.gianhangvn.com/image/lynkco-01-repbyhg.png]
[cdn.gianhangvn.com/image/lynkco-03-b4w3yhi.png]
[cdn.gianhangvn.com/image/lynkco-05-9sjkyhj.png]
[cdn.gianhangvn.com/image/lynkco-09-r989yhh.png]
[cdn.gianhangvn.com/image/lynkco-banner-o73lyim.jpg]
[cdn.gianhangvn.com/image/test-drive-oeqsyhe.jpg]
[cloud.gianhangvn.com/js/jquery.min.js]
[cloud.gianhangvn.com/js/library.mine5a5.js]
[cloud.gianhangvn.com/js/common.mine5a5.js]
[cloud.gianhangvn.com/templates/0022/js/home.min6654.js]
[cloud.gianhangvn.com/templates/0022/lang/vi6654.js]
[lynkcolongbien.com/plugine166.js]
[connect.facebook.net/vi_VN/sdk.js]
[lynkcolongbien.com/index.html]
[cloud.gianhangvn.com/webfonts/fa-brands-400.woff2]
[cloud.gianhangvn.com/webfonts/fa-brands-400.woff]
[cloud.gianhangvn.com/webfonts/fa-brands-400.ttf]
[cloud.gianhangvn.com/webfonts/fa-duotone-900.woff2]
[cloud.gianhangvn.com/webfonts/fa-duotone-900.woff]
[cloud.gianhangvn.com/webfonts/fa-duotone-900.ttf]
[cloud.gianhangvn.com/webfonts/fa-light-300.woff2]
[cloud.gianhangvn.com/webfonts/fa-light-300.woff]
[cloud.gianhangvn.com/webfonts/fa-light-300.ttf]
[cloud.gianhangvn.com/webfonts/fa-regular-400.woff2]
[cloud.gianhangvn.com/webfonts/fa-regular-400.woff]
[cloud.gianhangvn.com/webfonts/fa-regular-400.ttf]
[cloud.gianhangvn.com/webfonts/fa-solid-900.woff2]
[cloud.gianhangvn.com/webfonts/fa-solid-900.woff]
[cloud.gianhangvn.com/webfonts/fa-solid-900.ttf]
[cloud.gianhangvn.com/css/library.mine5a5.css]
[cloud.gianhangvn.com/css/common.mine5a5.css]
[fonts.gstatic.com/s/mulish/v13/1Pttg83HX_SGhgqk2joiaqRFB_ie_Vo.woff2]
[cloud.gianhangvn.com/templates/0022/skin03/css/style.css]
[cdn.gianhangvn.com/image/banner.jpg]
[drive.gianhangvn.com/image/lynk-co-06-2818820j33900x16.jpg]
[drive.gianhangvn.com/image/lynk-co-01-2818828j33900x16.jpg]
[drive.gianhangvn.com/image/lynk-co-03-2818835j33900x16.jpg]
[drive.gianhangvn.com/image/lynk-co-05-2818842j33900x16.jpg]
[drive.gianhangvn.com/image/lynk-co-09-2818849j33900x16.jpg]
[lynkcolongbien.com/san-pham.html]
[drive.gianhangvn.com/image/lynk-co-06-2818820j33900.jpg]
[drive.gianhangvn.com/image/ooo5yqe-2818821j33900.jpg]
[drive.gianhangvn.com/image/r0y1yqf-2818822j33900.jpg]
[drive.gianhangvn.com/image/r7rkyqg-2818823j33900.jpg]
[drive.gianhangvn.com/image/r6gjyqh-2818824j33900.jpg]
[drive.gianhangvn.com/image/9d7ayqj-2818825j33900.jpg]
[drive.gianhangvn.com/image/oh52yqk-2818826j33900.jpg]
[drive.gianhangvn.com/image/bgbnyqi-2818820j33900.jpg]
[drive.gianhangvn.com/image/ogwqyql-2818827j33900.jpg]
[cdn.gianhangvn.com/image/lynk-co-06-ngoai-that-8-bfi2ymz.jpg]
[cdn.gianhangvn.com/image/lynk-co-06-17-9hc3yhx.jpg]
[cdn.gianhangvn.com/image/lynk-co-06-16-b4jvyh1.jpg]
[cdn.gianhangvn.com/image/lynk-co-06-15-2z8qyh3.jpg]
[cdn.gianhangvn.com/image/lynk-co-06-14-2af5yh4.jpg]
[cdn.gianhangvn.com/image/lynk-co-06-ngoai-that-1-ojz6ym0.jpg]
[cdn.gianhangvn.com/image/lynk-co-06-ngoai-that-2-oz83ym1.jpg]
[cdn.gianhangvn.com/image/lynk-co-06-ngoai-that-5-o9udym2.jpg]
[cdn.gianhangvn.com/image/lynk-co-06-ngoai-that-4-rn5qym3.jpg]
[cdn.gianhangvn.com/image/lynk-co-06-ngoai-that-9-otl8ym4.jpg]
[cdn.gianhangvn.com/image/lynk-co-06-ngoai-that-7-2ewhym8.jpg]
[cdn.gianhangvn.com/image/lynk-co-06-ngoai-that-6-bmvkym7.jpg]
[cdn.gianhangvn.com/image/lynk-co-06-noi-that-2-okstym9.jpg]
[cdn.gianhangvn.com/image/lynk-co-06-noi-that-4-b8kyyna.jpg]
[cdn.gianhangvn.com/image/lynk-co-06-noi-that-7-ow02ynb.jpg]
[cdn.gianhangvn.com/image/lynk-co-06-noi-that-6-rxnfync.jpg]
[cdn.gianhangvn.com/image/lynk-co-06-noi-that-8-braiynf.jpg]
[cdn.gianhangvn.com/image/lynk-co-06-noi-that-3-osduyne.jpg]
[cdn.gianhangvn.com/image/lynk-co-06-noi-that-12-be8qynd.jpg]
[cdn.gianhangvn.com/image/lynk-co-06-noi-that-15-b4glynh.jpg]
[cdn.gianhangvn.com/image/lynk-co-06-noi-that-13-9o2eyni.jpg]
[cdn.gianhangvn.com/image/lynk-co-06-noi-that-9-2khdynj.jpg]
[cdn.gianhangvn.com/image/lynk-co-06-noi-that-14-2tafynk.jpg]
[cdn.gianhangvn.com/image/lynk-co-06-noi-that-16-oz74ynm.jpg]
[cdn.gianhangvn.com/image/lynk-co-06-noi-that-11-9xv0yno.jpg]
[cdn.gianhangvn.com/image/lynk-co-06-noi-that-10-217synl.jpg]
[cdn.gianhangvn.com/image/lynk-co-06-noi-that-17-2tszynn.jpg]
[cdn.gianhangvn.com/image/lynkco-06-09-rxx1yhq.jpg]
[cdn.gianhangvn.com/image/lynkco-06-10-rbslyhr.jpg]
[cdn.gianhangvn.com/image/lynkco-06-11-2jc7yhz.jpg]
[cdn.gianhangvn.com/image/lynkco-06-08-rwpgyh2.jpg]
[lynkcolongbien.com/lynk-co-06-1487816.html]
[drive.gianhangvn.com/image/lynk-co-01-2818828j33900.jpg]
[drive.gianhangvn.com/image/rex6yp7-2818829j33900.jpg]
[drive.gianhangvn.com/image/9pdoyp8-2818830j33900.jpg]
[drive.gianhangvn.com/image/odauyqa-2818831j33900.jpg]
[drive.gianhangvn.com/image/bzd9yqb-2818832j33900.jpg]
[drive.gianhangvn.com/image/2lkhyqc-2818833j33900.jpg]
[drive.gianhangvn.com/image/rbkayp9-2818828j33900.jpg]
[drive.gianhangvn.com/image/9pggyqd-2818834j33900.jpg]
[cdn.gianhangvn.com/image/lynkco-0-ngoai-that-1-9r5hyoh.jpg]
[cdn.gianhangvn.com/image/01-black-br35yh7.jpg]
[cdn.gianhangvn.com/image/01-white-brm9yh9.jpg]
[cdn.gianhangvn.com/image/lynkco-0-ngoai-that-11-b09oyor.jpg]
[cdn.gianhangvn.com/image/lynkco-0-ngoai-that-10-r665yoq.jpg]
[cdn.gianhangvn.com/image/lynkco-0-ngoai-that-2-2anryoi.jpg]
[cdn.gianhangvn.com/image/lynkco-0-ngoai-that-3-o28cyok.jpg]
[cdn.gianhangvn.com/image/lynkco-0-ngoai-that-6-r3v6yol.jpg]
[cdn.gianhangvn.com/image/lynkco-0-ngoai-that-8-2b56yon.jpg]
[cdn.gianhangvn.com/image/lynkco-01-ngoai-that-13-96f6yos.jpg]
[cdn.gianhangvn.com/image/lynkco-0-ngoai-that-7-o2oryoo.jpg]
[cdn.gianhangvn.com/image/lynkco-0-ngoai-that-5-bq2qyom.jpg]
[cdn.gianhangvn.com/image/lynkco-0-ngoai-that-9-bezcyop.jpg]
[cdn.gianhangvn.com/image/lynkco-0-ngoai-that-4-9ygmyoj.jpg]
[cdn.gianhangvn.com/image/lynkco-01-noi-that-1-ocdxyot.jpg]
[cdn.gianhangvn.com/image/lynkco-01-noi-that-2-2j6lyou.jpg]
[cdn.gianhangvn.com/image/lynkco-01-noi-that-9-2ib8yo2.jpg]
[cdn.gianhangvn.com/image/lynkco-01-noi-that-3-2o4zyov.jpg]
[cdn.gianhangvn.com/image/lynkco-01-noi-that-13-omvlyo7.jpg]
[cdn.gianhangvn.com/image/lynkco-01-noi-that-5-bnn7yox.jpg]
[cdn.gianhangvn.com/image/lynkco-01-noi-that-6-9qzxyoy.jpg]
[cdn.gianhangvn.com/image/lynkco-01-noi-that-11-2zibyo1.jpg]
[cdn.gianhangvn.com/image/lynkco-01-noi-that-12-boylyo8.jpg]
[cdn.gianhangvn.com/image/lynkco-01-noi-that-14-oypyyo6.jpg]
[cdn.gianhangvn.com/image/lynkco-01-noi-that-4-9n65yow.jpg]
[cdn.gianhangvn.com/image/lynkco-01-noi-that-8-r1mlyoz.jpg]
[lynkcolongbien.com/lynk-co-01-1487817.html]
[drive.gianhangvn.com/image/lynk-co-03-2818835j33900.jpg]
[drive.gianhangvn.com/image/9bkoyp0-2818836j33900.jpg]
[drive.gianhangvn.com/image/b031yp1-2818837j33900.jpg]
[drive.gianhangvn.com/image/oi46yp2-2818838j33900.jpg]
[drive.gianhangvn.com/image/rw7zyp3-2818839j33900.jpg]
[drive.gianhangvn.com/image/r6eoyp5-2818840j33900.jpg]
[drive.gianhangvn.com/image/orfuyp4-2818835j33900.jpg]
[drive.gianhangvn.com/image/b119yp6-2818841j33900.jpg]
[cdn.gianhangvn.com/image/lynk-co-03-ngoai-that-1-o81qypg.jpg]
[cdn.gianhangvn.com/image/03-yellow-2m3ryi5.jpg]
[cdn.gianhangvn.com/image/03-black-owwmyi6.jpg]
[cdn.gianhangvn.com/image/lynk-co-03-ngoai-that-15-rwoyypp.jpg]
[cdn.gianhangvn.com/image/lynk-co-03-ngoai-that-16-b5fpypq.jpg]
[cdn.gianhangvn.com/image/lynk-co-03-ngoai-that-3-rtwdypf.jpg]
[cdn.gianhangvn.com/image/lynk-co-03-ngoai-that-7-rbffypj.jpg]
[cdn.gianhangvn.com/image/lynk-co-03-ngoai-that-6-ovc4ypi.jpg]
[cdn.gianhangvn.com/image/lynk-co-03-ngoai-that-5-ow5typh.jpg]
[cdn.gianhangvn.com/image/lynk-co-03-ngoai-that-8-b8x5ypl.jpg]
[cdn.gianhangvn.com/image/lynk-co-03-ngoai-that-9-bx4kypk.jpg]
[cdn.gianhangvn.com/image/lynk-co-03-ngoai-that-12-bm5bypo.jpg]
[cdn.gianhangvn.com/image/lynk-co-03-ngoai-that-10-9sd7ypm.jpg]
[cdn.gianhangvn.com/image/lynk-co-03-ngoai-that-18-b1swyps.jpg]
[cdn.gianhangvn.com/image/lynk-co-03-ngoai-that-17-9v6dypr.jpg]
[cdn.gianhangvn.com/image/lynk-co-03-ngoai-that-20-blb9ypt.jpg]
[cdn.gianhangvn.com/image/lynk-co-03-ngoai-that-19-97r2ypu.jpg]
[cdn.gianhangvn.com/image/dong-co-lynkco-03-b8kmypv.jpg]
[cdn.gianhangvn.com/image/lynk-co-03-ngoai-that-11-rvsnypn.jpg]
[cdn.gianhangvn.com/image/lynk-co-03-ngoai-that-20-9l3eypx.jpg]
[cdn.gianhangvn.com/image/lynk-co-03-ngoai-that-21-rb10ypy.jpg]
[cdn.gianhangvn.com/image/lynk-co-03-ngoai-that-23-r1emypz.jpg]
[cdn.gianhangvn.com/image/lynk-co-03-ngoai-that-22-24pwypw.jpg]
[lynkcolongbien.com/lynk-co-03-1487818.html]
[drive.gianhangvn.com/image/lynk-co-05-2818842j33900.jpg]
[drive.gianhangvn.com/image/b4v1yqm-2818843j33900.jpg]
[drive.gianhangvn.com/image/2at5yqn-2818844j33900.jpg]
[drive.gianhangvn.com/image/2iipyqo-2818845j33900.jpg]
[drive.gianhangvn.com/image/bwjyyqp-2818846j33900.jpg]
[drive.gianhangvn.com/image/ra5hyqr-2818847j33900.jpg]
[drive.gianhangvn.com/image/bg0byqq-2818842j33900.jpg]
[drive.gianhangvn.com/image/byi3yqs-2818848j33900.jpg]
[cdn.gianhangvn.com/image/lynk-co-05-ngoai-that-1-2iqoynw.jpg]
[cdn.gianhangvn.com/image/lynk-co-05-ngoai-that-10-9c0cynx.jpg]
[cdn.gianhangvn.com/image/lynk-co-05-ngoai-that-9-rilyyn3.jpg]
[cdn.gianhangvn.com/image/lynk-co-05-ngoai-that-6-9mgzyn2.jpg]
[cdn.gianhangvn.com/image/lynk-co-05-ngoai-that-5-r7y9yn1.jpg]
[cdn.gianhangvn.com/image/lynk-co-05-ngoai-that-4-2e04yn0.jpg]
[cdn.gianhangvn.com/image/lynk-co-05-ngoai-that-8-b38nyn5.jpg]
[cdn.gianhangvn.com/image/lynk-co-05-ngoai-that-2-bthuyny.jpg]
[cdn.gianhangvn.com/image/lynk-co-05-ngoai-that-3-rw27ynz.jpg]
[cdn.gianhangvn.com/image/lynk-co-05-ngoai-that-7-9iwpyn4.jpg]
[cdn.gianhangvn.com/image/lynk-co-05-noi-that-1-bf19yn7.jpg]
[cdn.gianhangvn.com/image/lynk-co-05-noi-that-11-9ia4yoe.jpg]
[cdn.gianhangvn.com/image/lynk-co-05-noi-that-12-rk1vyog.jpg]
[cdn.gianhangvn.com/image/lynk-co-05-noi-that-2-ofavyn6.jpg]
[cdn.gianhangvn.com/image/lynk-co-05-noi-that-5-9zakyn9.jpg]
[cdn.gianhangvn.com/image/lynk-co-05-noi-that-3-razkyn8.jpg]
[cdn.gianhangvn.com/image/lynk-co-05-noi-that-10-9h52yof.jpg]
[cdn.gianhangvn.com/image/lynk-co-05-noi-that-7-20c9yob.jpg]
[cdn.gianhangvn.com/image/lynk-co-05-noi-that-6-oiivyoa.jpg]
[cdn.gianhangvn.com/image/lynk-co-05-noi-that-8-99phyoc.jpg]
[cdn.gianhangvn.com/image/lynk-co-05-noi-that-9-bc11yod.jpg]
[lynkcolongbien.com/lynk-co-05-1487819.html]
[drive.gianhangvn.com/image/lynk-co-09-2818849j33900.jpg]
[drive.gianhangvn.com/image/r868yri-2818850j33900.jpg]
[drive.gianhangvn.com/image/2wlhyrj-2818851j33900.jpg]
[drive.gianhangvn.com/image/o8cryrk-2818852j33900.jpg]
[drive.gianhangvn.com/image/r10kyrl-2818853j33900.jpg]
[drive.gianhangvn.com/image/oucdyrm-2818854j33900.jpg]
[drive.gianhangvn.com/image/bpnkyrp-2818849j33900.jpg]
[drive.gianhangvn.com/image/oe17yro-2818855j33900.jpg]
[cdn.gianhangvn.com/image/lynk-co-09-ngoai-that-1-bwwqyqw.jpg]
[cdn.gianhangvn.com/image/05-white-222yyjr.jpg]
[cdn.gianhangvn.com/image/09-gray-2v1kykq.jpg]
[cdn.gianhangvn.com/image/09-black-bbqdykp.jpg]
[cdn.gianhangvn.com/image/lynk-co-09-ngoai-that-2-9wn6yrd.jpg]
[cdn.gianhangvn.com/image/lynk-co-09-ngoai-that-4-bpf5yqu.jpg]
[cdn.gianhangvn.com/image/lynk-co-09-ngoai-that-3-2o10yrc.jpg]
[cdn.gianhangvn.com/image/lynk-co-09-ngoai-that-7-9m02yqx.jpg]
[cdn.gianhangvn.com/image/lynk-co-09-ngoai-that-6-bsj6yqz.jpg]
[cdn.gianhangvn.com/image/lynk-co-09-ngoai-that-5-o1mnyqy.jpg]
[cdn.gianhangvn.com/image/lynk-co-09-ngoai-that-9-9jubyq4.jpg]
[cdn.gianhangvn.com/image/lynk-co-09-ngoai-that-11-2avnyq5.jpg]
[cdn.gianhangvn.com/image/lynk-co-09-ngoai-that-18-roiiyra.jpg]
[cdn.gianhangvn.com/image/lynk-co-09-ngoai-that-15-29yfyq8.jpg]
[cdn.gianhangvn.com/image/lynk-co-09-ngoai-that-13-b6g4yq2.jpg]
[cdn.gianhangvn.com/image/lynk-co-09-ngoai-that-20-on3tyre.jpg]
[cdn.gianhangvn.com/image/lynk-co-09-ngoai-that-12-97gvyq3.jpg]
[cdn.gianhangvn.com/image/lynk-co-09-ngoai-that-19-oxl7yrb.jpg]
[cdn.gianhangvn.com/image/lynk-co-09-ngoai-that-16-bm13yq9.jpg]
[cdn.gianhangvn.com/image/lynk-co-09-ngoai-that-14-9c5hyq7.jpg]
[cdn.gianhangvn.com/image/lynk-co-09-ngoai-that-17-bv5zyq6.jpg]
[cdn.gianhangvn.com/image/lynk-co-09-ngoai-that-10-b1cayq1.jpg]
[cdn.gianhangvn.com/image/lynk-co-09-ngoai-that-21-orq0yrf.jpg]
[cdn.gianhangvn.com/image/lynk-co-09-ngoai-that-23-99msyrh.jpg]
[cdn.gianhangvn.com/image/lynk-co-09-ngoai-that-22-rfm2yrg.jpg]
[cdn.gianhangvn.com/image/lynk-co-09-11-rs5lyj6.jpg]
[cdn.gianhangvn.com/image/lynk-co-09-12-bcb8yj5.jpg]
[cdn.gianhangvn.com/image/lynk-co-09-13-9jpbyj2.jpg]
[cdn.gianhangvn.com/image/lynk-co-09-14-bejeyj4.jpg]
[lynkcolongbien.com/lynk-co-09-1487820.html]
[lynkcolongbien.com/bang-gia-xe-522803n.html]
[cdn.gianhangvn.com/image/quy-trinh-mua-xe-oto-tra-gop-9md5yhk.jpg]
[cdn.gianhangvn.com/image/loi-ich-va-dac-diem-khi-mua-oto-tra-gop-284gyhm.jpg]
[cdn.gianhangvn.com/image/dieu-kien-vay-mua-oto-tra-gop-ozp8yhn.jpg]
[cdn.gianhangvn.com/image/tai-san-dam-bao-9qs8yho.jpg]
[cdn.gianhangvn.com/image/ho-so-vay-mua-oto-tra-gop-r34nyhl.jpg]
[lynkcolongbien.com/mua-xe-tra-gop-522806n.html]
[lynkcolongbien.com/tin-tuc-uu-dai-522807t.html]
[lynkcolongbien.com/lien-he.html]
[connect.facebook.net/vi_VN/sdk.js]
[cloud.gianhangvn.com/webfonts/fa-brands-400.svg]
[cloud.gianhangvn.com/webfonts/fa-duotone-900.svg]
[cloud.gianhangvn.com/webfonts/fa-light-300.svg]
[cloud.gianhangvn.com/webfonts/fa-regular-400.svg]
[cloud.gianhangvn.com/webfonts/fa-solid-900.svg]
[cloud.gianhangvn.com/css/owl.video.play.html]
[lynkcolongbien.com/dTKRXW4S4SLtGEKdzyhQtC5NiYM1J7PCd26InxZm/DNwcfIlE8Chy62T3srn0N/index.html]
